<?xml version="1.0" encoding="UTF-8"?>
<testsuite xmlns:xsi="http://www.w3.org/2001/XMLSchema-instance" xsi:noNamespaceSchemaLocation="https://maven.apache.org/surefire/maven-surefire-plugin/xsd/surefire-test-report-3.0.xsd" version="3.0" name="com.docker.springbootdockerdeployment.SpringBootDockerDeploymentApplicationTests" time="2.91" tests="1" errors="0" skipped="0" failures="0">
  <properties>
[...]
</properties>
  <testcase name="contextLoads" classname="com.docker.springbootdockerdeployment.SpringBootDockerDeploymentApplicationTests" time="0.933">
    <system-out><![CDATA[11:06:20.350 [main] INFO org.springframework.test.context.support.AnnotationConfigContextLoaderUtils -- Could not detect default configuration classes for test class [com.docker.springbootdockerdeployment.SpringBootDockerDeploymentApplicationTests]: SpringBootDockerDeploymentApplicationTests does not declare any static, non-private, non-final, nested classes annotated with @Configuration.
11:06:20.469 [main] INFO org.springframework.boot.test.context.SpringBootTestContextBootstrapper -- Found @SpringBootConfiguration com.docker.springbootdockerdeployment.SpringBootDockerDeploymentApplication for test class com.docker.springbootdockerdeployment.SpringBootDockerDeploymentApplicationTests

  .   ____          _            __ _ _
 /\\ / ___'_ __ _ _(_)_ __  __ _ \ \ \ \
( ( )\___ | '_ | '_| | '_ \/ _` | \ \ \ \
 \\/  ___)| |_)| | | | | || (_| |  ) ) ) )
  '  |____| .__|_| |_|_| |_\__, | / / / /
 =========|_|==============|___/=/_/_/_/
 :: Spring Boot ::                (v3.2.4)

2024-04-13T11:06:20.879+05:30  INFO 95060 --- [spring-boot-docker-deployment] [           main] ringBootDockerDeploymentApplicationTests : Starting SpringBootDockerDeploymentApplicationTests using Java 21.0.1 with PID 95060 (started by sachin N in D:\softwares\Docker\spring-boot-docker-deployment\spring-boot-docker-deployment)
2024-04-13T11:06:20.880+05:30  INFO 95060 --- [spring-boot-docker-deployment] [           main] ringBootDockerDeploymentApplicationTests : No active profile set, falling back to 1 default profile: "default"
2024-04-13T11:06:22.124+05:30  INFO 95060 --- [spring-boot-docker-deployment] [           main] ringBootDockerDeploymentApplicationTests : Started SpringBootDockerDeploymentApplicationTests in 1.517 seconds (process running for 2.511)
]]></system-out>
    <system-err><![CDATA[WARNING: A Java agent has been loaded dynamically (C:\Users\sachin N\.m2\repository\net\bytebuddy\byte-buddy-agent\1.14.12\byte-buddy-agent-1.14.12.jar)
WARNING: If a serviceability tool is in use, please run with -XX:+EnableDynamicAgentLoading to hide this warning
WARNING: If a serviceability tool is not in use, please run with -Djdk.instrument.traceUsage for more information
WARNING: Dynamic loading of agents will be disallowed by default in a future release
]]></system-err>
  </testcase>
</testsuite>